[2026-04-23 16:06] fix: hoist 8 regexes out of loops for better performance
  source: cargo clippy -- regex_creation_in_loops

[2026-04-23 16:07] fix: resolve 27 clippy warnings — idiomatic Rust patterns
  source: cargo clippy --fix + manual sort_by_key, Reverse, to_vec, strip_prefix

[2026-04-23 16:08] fix: eliminate final 2 clippy warnings — &mut Vec→&mut slice, allow too_many_arguments on DFS
  source: cargo clippy — ptr_arg, too_many_arguments

[2026-04-23 16:09] clean: remove unused once_cell dependency
  source: grep — no references in source code

[2026-04-23 16:11] upgrade: add integration test suite — 21 tests covering all action categories
  source: zero tests existed, self-referential testing against own codebase

[2026-04-23 16:13] fix: handle "." target as "all files" in complexity, call-graph, sinks, lang-bridges
  source: manual testing — "." was treated as a filename instead of wildcard

[2026-04-23 16:15] upgrade: add tree-sitter-php for proper AST parsing — replaces regex fallback
  source: parser.rs returned None for PHP grammar, web research on tree-sitter crates

[2026-04-23 16:17] fix: git diff/churn/api-diff broken — "--" before git ref treated ref as filename
  source: manual testing — diff HEAD~1 returned "No files changed"

[2026-04-23 16:18] fix: why/paths accept arrow separator between file arguments
  source: manual testing — "why parser.rs -> lib.rs" failed with "File not found: ->"

[2026-04-23 16:21] fix: diff-functions/api-diff broken for non-JS — regex only matched JS patterns + git_show "--" bug
  source: manual testing — all Rust functions reported as "Added" instead of "Modified"

[2026-04-23 16:22] upgrade: bump version to 4.2.0
  source: 10 evolution iterations applied

